app/components/invites/__tests__/contact-import-export.test.tsx(4,38): error TS2307: Cannot find module '../../../lib/invites/invite-manager' or its corresponding type declarations.
app/components/invites/__tests__/contact-import-export.test.tsx(5,35): error TS2307: Cannot find module '../../../lib/invites/types' or its corresponding type declarations.
app/components/invites/__tests__/contact-list.test.tsx(4,37): error TS2307: Cannot find module '../../../lib/invites/contact-store' or its corresponding type declarations.
app/components/invites/__tests__/contact-list.test.tsx(5,44): error TS2307: Cannot find module '../../../lib/invites/types' or its corresponding type declarations.
app/components/invites/__tests__/contact-list.test.tsx(78,89): error TS7006: Parameter 'query' implicitly has an 'any' type.
app/components/invites/__tests__/contact-request-inbox.test.tsx(4,38): error TS2307: Cannot find module '../../../lib/invites/invite-manager' or its corresponding type declarations.
app/components/invites/__tests__/contact-request-inbox.test.tsx(5,37): error TS2307: Cannot find module '../../../lib/invites/types' or its corresponding type declarations.
app/components/invites/__tests__/invite-link-creator.test.tsx(4,36): error TS2307: Cannot find module '../../../lib/use-identity' or its corresponding type declarations.
app/components/invites/__tests__/invite-link-creator.test.tsx(5,38): error TS2307: Cannot find module '../../../lib/invites/invite-manager' or its corresponding type declarations.
app/components/invites/__tests__/invite-link-creator.test.tsx(6,33): error TS2307: Cannot find module '../../../lib/invites/types' or its corresponding type declarations.
app/components/invites/__tests__/profile-settings.test.tsx(4,39): error TS2307: Cannot find module '../../../lib/invites/profile-manager' or its corresponding type declarations.
app/components/invites/__tests__/profile-settings.test.tsx(5,51): error TS2307: Cannot find module '../../../lib/invites/types' or its corresponding type declarations.
app/components/invites/__tests__/qr-code-generator.test.tsx(4,36): error TS2307: Cannot find module '../../../lib/use-identity' or its corresponding type declarations.
app/components/invites/__tests__/qr-code-generator.test.tsx(5,36): error TS2307: Cannot find module '../../../lib/invites/qr-generator' or its corresponding type declarations.
app/features/invites/utils/__tests__/core-services-integration.test.ts(5,31): error TS2307: Cannot find module '../../crypto/crypto-service' or its corresponding type declarations.
app/features/invites/utils/__tests__/core-services-integration.test.ts(7,50): error TS2307: Cannot find module '@dweb/crypto' or its corresponding type declarations.
app/features/invites/utils/__tests__/core-services-integration.test.ts(327,21): error TS2322: Type '"test"' is not assignable to type '"link" | "manual" | "qr" | "import"'.
app/features/invites/utils/__tests__/cross-platform-compatibility.test.ts(7,35): error TS2307: Cannot find module '@dweb/crypto' or its corresponding type declarations.
app/features/invites/utils/__tests__/cross-platform-compatibility.test.ts(65,13): error TS2322: Type 'string | null' is not assignable to type 'string | undefined'.
  Type 'null' is not assignable to type 'string | undefined'.
app/features/invites/utils/__tests__/cross-platform-compatibility.test.ts(66,13): error TS2322: Type 'string | null' is not assignable to type 'string | undefined'.
  Type 'null' is not assignable to type 'string | undefined'.
app/features/invites/utils/__tests__/cross-platform-compatibility.test.ts(67,13): error TS2322: Type 'string | null' is not assignable to type 'string | undefined'.
  Type 'null' is not assignable to type 'string | undefined'.
app/features/invites/utils/__tests__/cross-platform-compatibility.test.ts(149,13): error TS2322: Type '{ publicKey: PublicKeyHex; displayName: string | null; avatar: string | null; timestamp: number; signature: string; }' is not assignable to type 'ShareableProfile'.
  Types of property 'displayName' are incompatible.
    Type 'string | null' is not assignable to type 'string | undefined'.
      Type 'null' is not assignable to type 'string | undefined'.
app/features/invites/utils/__tests__/cross-platform-compatibility.test.ts(195,15): error TS2322: Type 'string | null' is not assignable to type 'string | undefined'.
  Type 'null' is not assignable to type 'string | undefined'.
app/features/invites/utils/__tests__/import-export.test.ts(4,31): error TS2307: Cannot find module '../../crypto/crypto-service' or its corresponding type declarations.
app/features/invites/utils/__tests__/import-export.test.ts(43,15): error TS2322: Type '{ publicKey: string; petname: string | null; relayUrl: string | null; }[]' is not assignable to type '{ publicKey: string; relayUrl?: string | undefined; petname?: string | undefined; }[]'.
  Type '{ publicKey: string; petname: string | null; relayUrl: string | null; }' is not assignable to type '{ publicKey: string; relayUrl?: string | undefined; petname?: string | undefined; }'.
    Types of property 'relayUrl' are incompatible.
      Type 'string | null' is not assignable to type 'string | undefined'.
        Type 'null' is not assignable to type 'string | undefined'.
app/features/invites/utils/__tests__/import-export.test.ts(112,15): error TS2322: Type '{ publicKey: string; petname: string | null; relayUrl: string | null; }[]' is not assignable to type '{ publicKey: string; relayUrl?: string | undefined; petname?: string | undefined; }[]'.
  Type '{ publicKey: string; petname: string | null; relayUrl: string | null; }' is not assignable to type '{ publicKey: string; relayUrl?: string | undefined; petname?: string | undefined; }'.
    Types of property 'relayUrl' are incompatible.
      Type 'string | null' is not assignable to type 'string | undefined'.
        Type 'null' is not assignable to type 'string | undefined'.
app/features/invites/utils/__tests__/invite-manager.test.ts(4,31): error TS2307: Cannot find module '../../crypto/crypto-service' or its corresponding type declarations.
app/features/invites/utils/__tests__/performance-integration.test.ts(130,11): error TS2741: Property 'source' is missing in type '{}' but required in type 'ContactMetadata'.
app/features/invites/utils/__tests__/performance-integration.test.ts(139,11): error TS2741: Property 'source' is missing in type '{}' but required in type 'ContactMetadata'.
app/features/invites/utils/__tests__/performance-integration.test.ts(148,11): error TS2741: Property 'source' is missing in type '{}' but required in type 'ContactMetadata'.
app/features/invites/utils/__tests__/performance-integration.test.ts(174,9): error TS2741: Property 'source' is missing in type '{}' but required in type 'ContactMetadata'.
app/features/invites/utils/__tests__/performance-integration.test.ts(196,11): error TS2741: Property 'source' is missing in type '{}' but required in type 'ContactMetadata'.
app/features/invites/utils/__tests__/performance-integration.test.ts(205,11): error TS2741: Property 'source' is missing in type '{}' but required in type 'ContactMetadata'.
app/features/invites/utils/__tests__/performance-integration.test.ts(370,13): error TS2322: Type '{ id: string; publicKey: string; displayName: string; trustLevel: "neutral"; groups: never[]; addedAt: Date; metadata: {}; }[]' is not assignable to type 'Contact[]'.
  Type '{ id: string; publicKey: string; displayName: string; trustLevel: "neutral"; groups: never[]; addedAt: Date; metadata: {}; }' is not assignable to type 'Contact'.
    Types of property 'metadata' are incompatible.
      Property 'source' is missing in type '{}' but required in type 'ContactMetadata'.
app/features/invites/utils/__tests__/performance-integration.test.ts(411,9): error TS2741: Property 'source' is missing in type '{}' but required in type 'ContactMetadata'.
app/features/invites/utils/__tests__/privacy-security-properties.test.ts(35,42): error TS2339: Property 'hexaString' does not exist on type 'typeof import("E:/Web Project/experimental-workspace/newstart/node_modules/.pnpm/fast-check@4.5.3/node_modules/fast-check/lib/types/fast-check-default")'.
app/features/invites/utils/__tests__/privacy-security-properties.test.ts(104,83): error TS2345: Argument of type '(shortCode: string) => Promise<any>' is not assignable to parameter of type '(new (...args: unknown[]) => any) | ((this: any, ...args: unknown[]) => void) | ((...args: unknown[]) => any)'.
  Type '(shortCode: string) => Promise<any>' is not assignable to type '(this: any, ...args: unknown[]) => void'.
    Types of parameters 'shortCode' and 'args' are incompatible.
      Type 'unknown' is not assignable to type 'string'.
app/features/invites/utils/__tests__/profile-manager.test.ts(40,44): error TS2307: Cannot find module '../../crypto/crypto-service' or its corresponding type declarations.
app/features/invites/utils/__tests__/profile-manager.test.ts(60,11): error TS2345: Argument of type 'Arbitrary<{ displayName: string; avatar: string | null; bio: string | null; website: string | null; nip05: string | null; lud16: string | null; }>' is not assignable to parameter of type 'Arbitrary<UserProfile>'.
  Type '{ displayName: string; avatar: string | null; bio: string | null; website: string | null; nip05: string | null; lud16: string | null; }' is not assignable to type 'UserProfile'.
    Types of property 'avatar' are incompatible.
      Type 'string | null' is not assignable to type 'string | undefined'.
        Type 'null' is not assignable to type 'string | undefined'.
app/features/invites/utils/__tests__/profile-manager.test.ts(220,11): error TS2345: Argument of type 'Arbitrary<{ displayName: string; avatar: string | null; bio: string | null; website: string | null; nip05: string | null; lud16: string | null; }>' is not assignable to parameter of type 'Arbitrary<UserProfile>'.
  Type '{ displayName: string; avatar: string | null; bio: string | null; website: string | null; nip05: string | null; lud16: string | null; }' is not assignable to type 'UserProfile'.
    Types of property 'avatar' are incompatible.
      Type 'string | null' is not assignable to type 'string | undefined'.
        Type 'null' is not assignable to type 'string | undefined'.
app/features/invites/utils/__tests__/profile-manager.test.ts(445,46): error TS2307: Cannot find module '../../crypto/crypto-service' or its corresponding type declarations.
app/features/invites/utils/__tests__/profile-manager.test.ts(458,46): error TS2307: Cannot find module '../../crypto/crypto-service' or its corresponding type declarations.
app/features/invites/utils/__tests__/profile-manager.test.ts(473,46): error TS2307: Cannot find module '../../crypto/crypto-service' or its corresponding type declarations.
app/features/invites/utils/__tests__/profile-manager.test.ts(508,46): error TS2307: Cannot find module '../../crypto/crypto-service' or its corresponding type declarations.
app/features/invites/utils/__tests__/qr-generator.test.ts(39,44): error TS2307: Cannot find module '../../crypto/crypto-service' or its corresponding type declarations.
app/features/invites/utils/__tests__/qr-generator.test.ts(41,59): error TS2345: Argument of type 'string' is not assignable to parameter of type 'void'.
app/features/invites/utils/__tests__/qr-generator.test.ts(42,58): error TS2345: Argument of type 'string' is not assignable to parameter of type 'void'.
app/features/invites/utils/__tests__/qr-generator.test.ts(60,11): error TS2345: Argument of type 'Arbitrary<{ version: "1.0"; publicKey: string; displayName: string | null; avatar: string | null; message: string | null; timestamp: number; expirationTime: number; signature: string; }>' is not assignable to parameter of type 'Arbitrary<QRInviteData>'.
  Type '{ version: "1.0"; publicKey: string; displayName: string | null; avatar: string | null; message: string | null; timestamp: number; expirationTime: number; signature: string; }' is not assignable to type 'QRInviteData'.
    Types of property 'displayName' are incompatible.
      Type 'string | null' is not assignable to type 'string | undefined'.
        Type 'null' is not assignable to type 'string | undefined'.
app/features/invites/utils/__tests__/qr-generator.test.ts(139,11): error TS2345: Argument of type 'Arbitrary<{ displayName: string | null; avatar: string | null; message: string | null; expirationHours: number; }>' is not assignable to parameter of type 'Arbitrary<QRInviteOptions>'.
  Type '{ displayName: string | null; avatar: string | null; message: string | null; expirationHours: number; }' is not assignable to type 'QRInviteOptions'.
    Types of property 'displayName' are incompatible.
      Type 'string | null' is not assignable to type 'string | undefined'.
        Type 'null' is not assignable to type 'string | undefined'.
app/features/invites/utils/__tests__/qr-generator.test.ts(167,60): error TS2345: Argument of type 'number | undefined' is not assignable to parameter of type 'number | bigint'.
  Type 'undefined' is not assignable to type 'number | bigint'.
app/features/invites/utils/__tests__/qr-generator.test.ts(363,46): error TS2307: Cannot find module '../../crypto/crypto-service' or its corresponding type declarations.
app/features/invites/utils/__tests__/qr-generator.test.ts(371,46): error TS2307: Cannot find module '../../crypto/crypto-service' or its corresponding type declarations.
app/features/invites/utils/__tests__/qr-generator.test.ts(387,46): error TS2307: Cannot find module '../../crypto/crypto-service' or its corresponding type declarations.
app/features/invites/utils/__tests__/system-e2e.test.ts(286,13): error TS2353: Object literal may only specify known properties, and 'pubkey' does not exist in type '{ publicKey: string; relayUrl?: string | undefined; petname?: string | undefined; }'.
app/features/invites/utils/__tests__/system-e2e.test.ts(291,13): error TS2353: Object literal may only specify known properties, and 'pubkey' does not exist in type '{ publicKey: string; relayUrl?: string | undefined; petname?: string | undefined; }'.
app/features/invites/utils/__tests__/system-e2e.test.ts(296,13): error TS2353: Object literal may only specify known properties, and 'pubkey' does not exist in type '{ publicKey: string; relayUrl?: string | undefined; petname?: string | undefined; }'.
app/features/invites/utils/__tests__/system-e2e.test.ts(320,13): error TS2353: Object literal may only specify known properties, and 'pubkey' does not exist in type '{ publicKey: string; relayUrl?: string | undefined; petname?: string | undefined; }'.
app/features/invites/utils/__tests__/system-e2e.test.ts(451,13): error TS2353: Object literal may only specify known properties, and 'pubkey' does not exist in type '{ publicKey: string; relayUrl?: string | undefined; petname?: string | undefined; }'.
app/features/invites/utils/__tests__/system-e2e.test.ts(469,13): error TS2353: Object literal may only specify known properties, and 'pubkey' does not exist in type '{ publicKey: string; relayUrl?: string | undefined; petname?: string | undefined; }'.
app/features/invites/utils/__tests__/test-utils.ts(2,30): error TS2307: Cannot find module '@dweb/crypto' or its corresponding type declarations.
app/features/messaging/components/chat-view.tsx(211,43): error TS2551: Property 'attachment' does not exist on type 'Readonly<{ id: string; kind: MessageKind; content: string; timestamp: Date; isOutgoing: boolean; status: MessageStatus; attachments?: readonly Readonly<{ kind: AttachmentKind; url: string; contentType: string; fileName: string; }>[] | undefined; ... 10 more ...; conversationId?: string | undefined; }>'. Did you mean 'attachments'?
app/features/messaging/components/chat-view.tsx(212,69): error TS2551: Property 'attachment' does not exist on type 'Readonly<{ id: string; kind: MessageKind; content: string; timestamp: Date; isOutgoing: boolean; status: MessageStatus; attachments?: readonly Readonly<{ kind: AttachmentKind; url: string; contentType: string; fileName: string; }>[] | undefined; ... 10 more ...; conversationId?: string | undefined; }>'. Did you mean 'attachments'?
app/features/messaging/components/message-list.legacy.tsx(258,66): error TS2551: Property 'attachment' does not exist on type 'Readonly<{ id: string; kind: MessageKind; content: string; timestamp: Date; isOutgoing: boolean; status: MessageStatus; attachments?: readonly Readonly<{ kind: AttachmentKind; url: string; contentType: string; fileName: string; }>[] | undefined; ... 10 more ...; conversationId?: string | undefined; }>'. Did you mean 'attachments'?
app/features/messaging/components/message-list.legacy.tsx(260,74): error TS2551: Property 'attachment' does not exist on type 'Readonly<{ id: string; kind: MessageKind; content: string; timestamp: Date; isOutgoing: boolean; status: MessageStatus; attachments?: readonly Readonly<{ kind: AttachmentKind; url: string; contentType: string; fileName: string; }>[] | undefined; ... 10 more ...; conversationId?: string | undefined; }>'. Did you mean 'attachments'?
app/features/messaging/components/message-list.legacy.tsx(262,86): error TS2551: Property 'attachment' does not exist on type 'Readonly<{ id: string; kind: MessageKind; content: string; timestamp: Date; isOutgoing: boolean; status: MessageStatus; attachments?: readonly Readonly<{ kind: AttachmentKind; url: string; contentType: string; fileName: string; }>[] | undefined; ... 10 more ...; conversationId?: string | undefined; }>'. Did you mean 'attachments'?
app/features/messaging/components/message-list.legacy.tsx(263,86): error TS2551: Property 'attachment' does not exist on type 'Readonly<{ id: string; kind: MessageKind; content: string; timestamp: Date; isOutgoing: boolean; status: MessageStatus; attachments?: readonly Readonly<{ kind: AttachmentKind; url: string; contentType: string; fileName: string; }>[] | undefined; ... 10 more ...; conversationId?: string | undefined; }>'. Did you mean 'attachments'?
app/features/messaging/components/message-list.legacy.tsx(267,89): error TS2551: Property 'attachment' does not exist on type 'Readonly<{ id: string; kind: MessageKind; content: string; timestamp: Date; isOutgoing: boolean; status: MessageStatus; attachments?: readonly Readonly<{ kind: AttachmentKind; url: string; contentType: string; fileName: string; }>[] | undefined; ... 10 more ...; conversationId?: string | undefined; }>'. Did you mean 'attachments'?
app/features/messaging/components/message-menu.tsx(26,58): error TS2551: Property 'attachment' does not exist on type 'Readonly<{ id: string; kind: MessageKind; content: string; timestamp: Date; isOutgoing: boolean; status: MessageStatus; attachments?: readonly Readonly<{ kind: AttachmentKind; url: string; contentType: string; fileName: string; }>[] | undefined; ... 10 more ...; conversationId?: string | undefined; }>'. Did you mean 'attachments'?
app/features/messaging/lib/__tests__/checkpoint-9-core-messaging-complete.test.ts(14,41): error TS2307: Cannot find module '../enhanced-dm-controller' or its corresponding type declarations.
app/features/messaging/lib/__tests__/checkpoint-9-core-messaging-complete.test.ts(15,31): error TS2307: Cannot find module '../../crypto/crypto-service' or its corresponding type declarations.
app/features/messaging/lib/__tests__/checkpoint-9-core-messaging-complete.test.ts(148,43): error TS7006: Parameter 'm' implicitly has an 'any' type.
app/features/messaging/lib/__tests__/checkpoint-9-core-messaging-complete.test.ts(176,47): error TS7006: Parameter 'm' implicitly has an 'any' type.
app/features/messaging/lib/__tests__/checkpoint-9-core-messaging-complete.test.ts(227,59): error TS2454: Variable 'eventId' is used before being assigned.
app/features/messaging/lib/__tests__/checkpoint-9-core-messaging-complete.test.ts(279,45): error TS7006: Parameter 'm' implicitly has an 'any' type.
app/features/messaging/lib/__tests__/checkpoint-9-core-messaging-complete.test.ts(414,40): error TS7006: Parameter 'm' implicitly has an 'any' type.
app/features/messaging/lib/__tests__/checkpoint-basic-sending.test.ts(87,41): error TS2307: Cannot find module '../enhanced-dm-controller' or its corresponding type declarations.
app/features/messaging/lib/__tests__/checkpoint-basic-sending.test.ts(88,31): error TS2307: Cannot find module '../../crypto/crypto-service' or its corresponding type declarations.
app/features/messaging/lib/__tests__/checkpoint-basic-sending.test.ts(389,39): error TS7006: Parameter 'm' implicitly has an 'any' type.
app/features/messaging/lib/__tests__/checkpoint-basic-sending.test.ts(396,56): error TS7006: Parameter 'r' implicitly has an 'any' type.
app/features/messaging/lib/__tests__/checkpoint-basic-sending.test.ts(397,56): error TS7006: Parameter 'r' implicitly has an 'any' type.
app/features/messaging/lib/__tests__/checkpoint-basic-sending.test.ts(531,59): error TS2345: Argument of type '{ shouldRetry: false; nextRetryAt: undefined; }' is not assignable to parameter of type 'RetryResult'.
  Property 'success' is missing in type '{ shouldRetry: false; nextRetryAt: undefined; }' but required in type 'RetryResult'.
app/features/messaging/lib/__tests__/checkpoint-basic-sending.test.ts(601,46): error TS2454: Variable 'messageId' is used before being assigned.
app/features/messaging/lib/__tests__/enhanced-dm-controller.test.ts(3,41): error TS2307: Cannot find module '../enhanced-dm-controller' or its corresponding type declarations.
app/features/messaging/lib/__tests__/enhanced-dm-controller.test.ts(6,38): error TS2307: Cannot find module '../../relay-connection' or its corresponding type declarations.
app/features/messaging/lib/__tests__/enhanced-dm-controller.test.ts(249,41): error TS7006: Parameter 'result' implicitly has an 'any' type.
app/features/messaging/lib/__tests__/enhanced-dm-controller.test.ts(286,45): error TS7006: Parameter 'r' implicitly has an 'any' type.
app/features/messaging/lib/__tests__/enhanced-dm-controller.test.ts(287,45): error TS7006: Parameter 'r' implicitly has an 'any' type.
app/features/messaging/lib/__tests__/enhanced-dm-controller.test.ts(323,46): error TS7006: Parameter 'r' implicitly has an 'any' type.
app/features/messaging/lib/__tests__/enhanced-dm-controller.test.ts(387,9): error TS2571: Object is of type 'unknown'.
app/features/messaging/lib/__tests__/enhanced-dm-controller.test.ts(391,43): error TS18048: 'subscriptionCall' is possibly 'undefined'.
app/features/messaging/lib/__tests__/enhanced-dm-controller.test.ts(391,43): error TS2345: Argument of type 'unknown' is not assignable to parameter of type 'string'.
app/features/messaging/lib/__tests__/enhanced-dm-controller.test.ts(468,15): error TS18046: 'messageHandler' is of type 'unknown'.
app/features/messaging/lib/__tests__/enhanced-dm-controller.test.ts(510,15): error TS18046: 'messageHandler' is of type 'unknown'.
app/features/messaging/lib/__tests__/integration-complete-flows.test.ts(12,41): error TS2307: Cannot find module '../enhanced-dm-controller' or its corresponding type declarations.
app/features/messaging/lib/__tests__/integration-complete-flows.test.ts(13,31): error TS2307: Cannot find module '../../crypto/crypto-service' or its corresponding type declarations.
app/features/messaging/lib/__tests__/integration-complete-flows.test.ts(163,43): error TS7006: Parameter 'm' implicitly has an 'any' type.
app/features/messaging/lib/__tests__/integration-complete-flows.test.ts(172,13): error TS2454: Variable 'aliceMessageId' is used before being assigned.
app/features/messaging/lib/__tests__/integration-complete-flows.test.ts(208,47): error TS7006: Parameter 'm' implicitly has an 'any' type.
app/features/messaging/lib/__tests__/integration-complete-flows.test.ts(228,13): error TS2454: Variable 'bobMessageId' is used before being assigned.
app/features/messaging/lib/__tests__/integration-complete-flows.test.ts(247,47): error TS7006: Parameter 'm' implicitly has an 'any' type.
app/features/messaging/lib/__tests__/integration-complete-flows.test.ts(297,41): error TS7006: Parameter 'm' implicitly has an 'any' type.
app/features/messaging/lib/__tests__/integration-complete-flows.test.ts(362,41): error TS7006: Parameter 'm' implicitly has an 'any' type.
app/features/messaging/lib/__tests__/integration-complete-flows.test.ts(408,30): error TS7006: Parameter 'm' implicitly has an 'any' type.
app/features/messaging/lib/__tests__/integration-complete-flows.test.ts(520,61): error TS7006: Parameter 'm' implicitly has an 'any' type.
app/features/messaging/lib/__tests__/integration-complete-flows.test.ts(578,42): error TS7006: Parameter 'm' implicitly has an 'any' type.
app/features/messaging/lib/__tests__/integration-complete-flows.test.ts(579,44): error TS7006: Parameter 'm' implicitly has an 'any' type.
app/features/messaging/lib/__tests__/integration-offline-online.test.ts(12,41): error TS2307: Cannot find module '../enhanced-dm-controller' or its corresponding type declarations.
app/features/messaging/lib/__tests__/integration-offline-online.test.ts(13,31): error TS2307: Cannot find module '../../crypto/crypto-service' or its corresponding type declarations.
app/features/messaging/lib/__tests__/integration-offline-online.test.ts(161,45): error TS7006: Parameter 'm' implicitly has an 'any' type.
app/features/messaging/lib/__tests__/integration-offline-online.test.ts(213,41): error TS7006: Parameter 'm' implicitly has an 'any' type.
app/features/messaging/lib/__tests__/integration-offline-online.test.ts(261,45): error TS7006: Parameter 'm' implicitly has an 'any' type.
app/features/messaging/lib/__tests__/integration-offline-online.test.ts(499,30): error TS7006: Parameter 'm' implicitly has an 'any' type.
app/features/messaging/lib/__tests__/message-queue.test.ts(72,77): error TS2322: Type '{ id: string; conversationId: string; content: string; kind?: "user" | "command" | undefined; timestamp: Date; isOutgoing: boolean; status: MessageStatus; dmFormat?: "nip17" | "nip04" | undefined; ... 12 more ...; encryptedData?: string | undefined; }' is not assignable to type 'Message'.
  Types of property 'kind' are incompatible.
    Type '"user" | "command" | undefined' is not assignable to type '"user" | "command"'.
      Type 'undefined' is not assignable to type '"user" | "command"'.
app/features/messaging/lib/__tests__/message-receiving.test.ts(8,41): error TS2307: Cannot find module '../enhanced-dm-controller' or its corresponding type declarations.
app/features/messaging/lib/__tests__/message-receiving.test.ts(11,38): error TS2307: Cannot find module '../../relays/relay-connection' or its corresponding type declarations.
app/features/messaging/lib/__tests__/message-receiving.test.ts(246,46): error TS2307: Cannot find module '../../crypto/crypto-service' or its corresponding type declarations.
app/features/messaging/lib/__tests__/message-receiving.test.ts(283,46): error TS2307: Cannot find module '../../crypto/crypto-service' or its corresponding type declarations.
app/features/messaging/lib/__tests__/message-sync.test.ts(8,41): error TS2307: Cannot find module '../enhanced-dm-controller' or its corresponding type declarations.
app/features/messaging/lib/__tests__/message-sync.test.ts(11,38): error TS2307: Cannot find module '../../relays/relay-connection' or its corresponding type declarations.
app/features/messaging/lib/__tests__/performance-large-volumes.test.ts(32,13): error TS2741: Property 'kind' is missing in type '{ id: string; conversationId: string; content: string; timestamp: Date; isOutgoing: boolean; status: "delivered"; senderPubkey: string; recipientPubkey: string; }' but required in type 'Message'.
app/features/messaging/lib/__tests__/performance-large-volumes.test.ts(71,21): error TS2345: Argument of type '{ id: string; conversationId: string; content: string; timestamp: Date; isOutgoing: boolean; status: "delivered"; senderPubkey: string; recipientPubkey: string; }' is not assignable to parameter of type 'Message'.
  Property 'kind' is missing in type '{ id: string; conversationId: string; content: string; timestamp: Date; isOutgoing: boolean; status: "delivered"; senderPubkey: string; recipientPubkey: string; }' but required in type 'Message'.
app/features/messaging/lib/__tests__/performance-large-volumes.test.ts(99,41): error TS2345: Argument of type '{ id: string; conversationId: string; content: string; timestamp: Date; isOutgoing: boolean; status: "delivered"; senderPubkey: string; recipientPubkey: string; }' is not assignable to parameter of type 'Message'.
  Property 'kind' is missing in type '{ id: string; conversationId: string; content: string; timestamp: Date; isOutgoing: boolean; status: "delivered"; senderPubkey: string; recipientPubkey: string; }' but required in type 'Message'.
app/features/messaging/lib/__tests__/performance-large-volumes.test.ts(173,35): error TS2345: Argument of type '{ id: string; conversationId: string; content: string; timestamp: Date; isOutgoing: boolean; status: "delivered"; senderPubkey: string; recipientPubkey: string; }' is not assignable to parameter of type 'Message'.
  Property 'kind' is missing in type '{ id: string; conversationId: string; content: string; timestamp: Date; isOutgoing: boolean; status: "delivered"; senderPubkey: string; recipientPubkey: string; }' but required in type 'Message'.
app/features/messaging/lib/__tests__/performance-large-volumes.test.ts(202,41): error TS2345: Argument of type '{ id: string; conversationId: string; content: string; timestamp: Date; isOutgoing: boolean; status: "delivered"; senderPubkey: string; recipientPubkey: string; }' is not assignable to parameter of type 'Message'.
  Property 'kind' is missing in type '{ id: string; conversationId: string; content: string; timestamp: Date; isOutgoing: boolean; status: "delivered"; senderPubkey: string; recipientPubkey: string; }' but required in type 'Message'.
app/features/messaging/lib/__tests__/performance-large-volumes.test.ts(240,11): error TS2322: Type '{ id: string; conversationId: string; content: string; timestamp: Date; isOutgoing: boolean; status: "delivered"; senderPubkey: string; recipientPubkey: string; }[]' is not assignable to type 'Message[]'.
  Property 'kind' is missing in type '{ id: string; conversationId: string; content: string; timestamp: Date; isOutgoing: boolean; status: "delivered"; senderPubkey: string; recipientPubkey: string; }' but required in type 'Message'.
app/features/messaging/lib/__tests__/performance-large-volumes.test.ts(280,13): error TS2322: Type '{ id: string; conversationId: string; content: string; timestamp: Date; isOutgoing: boolean; status: "delivered"; senderPubkey: string; recipientPubkey: string; }[]' is not assignable to type 'Message[]'.
  Property 'kind' is missing in type '{ id: string; conversationId: string; content: string; timestamp: Date; isOutgoing: boolean; status: "delivered"; senderPubkey: string; recipientPubkey: string; }' but required in type 'Message'.
app/features/messaging/lib/message-ordering.test.ts(9,61): error TS2307: Cannot find module '@jest/globals' or its corresponding type declarations.
app/features/messaging/lib/message-ordering.test.ts(45,26): error TS2339: Property 'hexaString' does not exist on type 'typeof import("E:/Web Project/experimental-workspace/newstart/node_modules/.pnpm/fast-check@4.5.3/node_modules/fast-check/lib/types/fast-check-default")'.
app/features/messaging/lib/message-ordering.test.ts(120,29): error TS2345: Argument of type '{ id: string; conversationId: string; content: string; timestamp: Date; isOutgoing: boolean; status: "delivered"; senderPubkey: PublicKeyHex; recipientPubkey: PublicKeyHex; }' is not assignable to parameter of type 'Message'.
  Property 'kind' is missing in type '{ id: string; conversationId: string; content: string; timestamp: Date; isOutgoing: boolean; status: "delivered"; senderPubkey: PublicKeyHex; recipientPubkey: PublicKeyHex; }' but required in type 'Message'.
app/features/messaging/lib/message-ordering.test.ts(222,15): error TS2741: Property 'kind' is missing in type '{ id: string; conversationId: string; content: string; timestamp: Date; isOutgoing: true; status: "delivered"; senderPubkey: PublicKeyHex; recipientPubkey: PublicKeyHex; }' but required in type 'Message'.
app/features/messaging/lib/message-ordering.test.ts(232,15): error TS2741: Property 'kind' is missing in type '{ id: string; conversationId: string; content: string; timestamp: Date; isOutgoing: false; status: "delivered"; senderPubkey: PublicKeyHex; recipientPubkey: PublicKeyHex; }' but required in type 'Message'.
app/features/messaging/lib/message-ordering.test.ts(242,15): error TS2741: Property 'kind' is missing in type '{ id: string; conversationId: string; content: string; timestamp: Date; isOutgoing: true; status: "delivered"; senderPubkey: PublicKeyHex; recipientPubkey: PublicKeyHex; }' but required in type 'Message'.
app/features/messaging/lib/message-queue.test.ts(54,9): error TS2322: Type 'Arbitrary<{ id: string; conversationId: string; content: string; timestamp: Date; isOutgoing: boolean; status: "delivered" | "sending" | "accepted" | "rejected" | "queued" | "failed"; senderPubkey: string; recipientPubkey: string; }>' is not assignable to type 'Arbitrary<Message>'.
  Property 'kind' is missing in type '{ id: string; conversationId: string; content: string; timestamp: Date; isOutgoing: boolean; status: "delivered" | "sending" | "accepted" | "rejected" | "queued" | "failed"; senderPubkey: string; recipientPubkey: string; }' but required in type 'Message'.
app/features/messaging/lib/message-queue.test.ts(235,15): error TS2561: Object literal may only specify known properties, but 'attachment' does not exist in type 'Message'. Did you mean to write 'attachments'?
app/features/messaging/lib/message-queue.test.ts(258,31): error TS2551: Property 'attachment' does not exist on type 'Message'. Did you mean 'attachments'?
app/features/messaging/lib/message-queue.test.ts(258,66): error TS2551: Property 'attachment' does not exist on type 'Message'. Did you mean 'attachments'?
app/features/messaging/lib/retry-manager.test.ts(9,67): error TS2307: Cannot find module '@jest/globals' or its corresponding type declarations.
app/features/messaging/lib/retry-manager.test.ts(11,47): error TS2459: Module '"./retry-manager"' declares 'OutgoingMessage' locally, but it is not exported.
app/features/messaging/lib/retry-manager.test.ts(29,26): error TS2339: Property 'hexaString' does not exist on type 'typeof import("E:/Web Project/experimental-workspace/newstart/node_modules/.pnpm/fast-check@4.5.3/node_modules/fast-check/lib/types/fast-check-default")'.
